<?xml version="1.0" encoding="UTF-8"?>
<testsuite name="PikabuTest" tests="6" skipped="0" failures="1" errors="0" timestamp="2017-04-17T08:38:47" hostname="EPBYGROW0336" time="25.571">
  <properties/>
  <testcase name="verifyBestPostPage" classname="PikabuTest" time="5.568"/>
  <testcase name="loginWithGoogleAccount" classname="PikabuTest" time="10.92"/>
  <testcase name="searchTest" classname="PikabuTest" time="2.666">
    <failure message="java.lang.AssertionError: Some posts do not contain hashtag expected [true] but found [false]" type="java.lang.AssertionError">java.lang.AssertionError: Some posts do not contain hashtag expected [true] but found [false]
	at org.testng.Assert.fail(Assert.java:93)
	at org.testng.Assert.failNotEquals(Assert.java:512)
	at org.testng.Assert.assertEqualsImpl(Assert.java:134)
	at org.testng.Assert.assertEquals(Assert.java:115)
	at org.testng.Assert.assertEquals(Assert.java:304)
	at PikabuTest.searchTest(PikabuTest.java:172)
	at sun.reflect.NativeMethodAccessorImpl.invoke0(Native Method)
	at sun.reflect.NativeMethodAccessorImpl.invoke(NativeMethodAccessorImpl.java:62)
	at sun.reflect.DelegatingMethodAccessorImpl.invoke(DelegatingMethodAccessorImpl.java:43)
	at java.lang.reflect.Method.invoke(Method.java:498)
	at org.testng.internal.MethodInvocationHelper.invokeMethod(MethodInvocationHelper.java:108)
	at org.testng.internal.Invoker.invokeMethod(Invoker.java:661)
	at org.testng.internal.Invoker.invokeTestMethod(Invoker.java:869)
	at org.testng.internal.Invoker.invokeTestMethods(Invoker.java:1193)
	at org.testng.internal.TestMethodWorker.invokeTestMethods(TestMethodWorker.java:126)
	at org.testng.internal.TestMethodWorker.run(TestMethodWorker.java:109)
	at org.testng.TestRunner.privateRun(TestRunner.java:744)
	at org.testng.TestRunner.run(TestRunner.java:602)
	at org.testng.SuiteRunner.runTest(SuiteRunner.java:380)
	at org.testng.SuiteRunner.access$000(SuiteRunner.java:39)
	at org.testng.SuiteRunner$SuiteWorker.run(SuiteRunner.java:414)
	at org.testng.internal.thread.ThreadUtil$1.call(ThreadUtil.java:52)
	at java.util.concurrent.FutureTask.run(FutureTask.java:266)
	at java.util.concurrent.ThreadPoolExecutor.runWorker(ThreadPoolExecutor.java:1142)
	at java.util.concurrent.ThreadPoolExecutor$Worker.run(ThreadPoolExecutor.java:617)
	at java.lang.Thread.run(Thread.java:745)
</failure>
  </testcase>
  <testcase name="addPostWithUnregUser" classname="PikabuTest" time="0.521"/>
  <testcase name="verifyRecentPostsPage" classname="PikabuTest" time="3.289"/>
  <testcase name="verifyHotPostsPage" classname="PikabuTest" time="3.075"/>
  <system-out><![CDATA[11:38:47 [TestNG-tests-1] INFO  [PikabuTest:loginWithGoogleAccount:46] - Login with google account test
11:38:47 [TestNG-tests-1] INFO  [VerifyManager:isTrue:27] - Main page is open
11:38:47 [TestNG-tests-2] INFO  [BaseTest:beforeMethod:51] - ###############################
11:38:47 [TestNG-tests-2] INFO  [PikabuTest:verifyBestPostPage:116] - Verify page with best posts
11:38:47 [TestNG-tests-1] INFO  [VerifyManager:isTrue:27] - Login page is open
11:38:48 [TestNG-tests-2] INFO  [VerifyManager:isTrue:27] - Main page is open
11:38:48 [TestNG-tests-1] INFO  [PikabuTest:loginWithGoogleAccount:51] - Input in email field value - muliarchyk.a.a@gmail.com
11:38:48 [TestNG-tests-1] INFO  [PikabuTest:loginWithGoogleAccount:53] - Click next
11:38:48 [TestNG-tests-1] INFO  [PikabuTest:loginWithGoogleAccount:55] - Input in password field value - Typblcm6578090
11:38:48 [TestNG-tests-1] INFO  [PikabuTest:loginWithGoogleAccount:57] - Click submit button
11:38:53 [TestNG-tests-2] INFO  [PikabuTest:verifyBestPostPage:121] - Page with best posts is opened
11:38:58 [TestNG-tests-2] INFO  [PikabuTest:searchTest:150] - Search test
11:38:58 [TestNG-tests-2] INFO  [VerifyManager:isTrue:27] - Main page is open
11:38:58 [TestNG-tests-2] INFO  [PikabuTest:searchTest:152] - input query in search field. Value = Ð”Ð¢ÐŸ
11:38:58 [TestNG-tests-2] INFO  [PikabuTest:searchTest:154] - Click search button
11:39:00 [TestNG-tests-2] INFO  [VerifyManager:isTrue:27] - Page with search result is open
11:39:00 [TestNG-tests-2] INFO  [PikabuTest:searchTest:157] - Verify search results
11:39:00 [TestNG-tests-2] WARN  [PikabuTest:searchTest:169] - Post with title '??????? ??????' is not contains hashtag
11:39:00 [TestNG-tests-2] WARN  [PikabuTest:searchTest:169] - Post with title '???-500 ?????? ??????? ????? ???? ??????' is not contains hashtag
11:39:00 [TestNG-tests-2] WARN  [PikabuTest:searchTest:169] - Post with title '??? ????? ???? - ??????????? ??????? ? ?????? ??????????? ?????????, ??????? ??? ???? - ? ????????? ????? ??????? ?????????? ?????:' is not contains hashtag
11:39:04 [TestNG-tests-1] INFO  [PikabuTest:addPostWithUnregUser:105] - Add a post for a non-login user
11:39:04 [TestNG-tests-1] INFO  [VerifyManager:isTrue:27] - Main page is open
11:39:04 [TestNG-tests-1] INFO  [PikabuTest:addPostWithUnregUser:108] - Add post button is clicked
11:39:04 [TestNG-tests-1] INFO  [PikabuTest:addPostWithUnregUser:110] - Message about an unregistered user is displayed
11:39:06 [TestNG-tests-2] INFO  [PikabuTest:verifyRecentPostsPage:137] - Verify page with recent posts
11:39:06 [TestNG-tests-2] INFO  [VerifyManager:isTrue:27] - Main page is open
11:39:09 [TestNG-tests-2] INFO  [PikabuTest:verifyRecentPostsPage:141] - Page with recent posts is opened
11:39:10 [TestNG-tests-1] INFO  [PikabuTest:verifyHotPostsPage:127] - Verify page with hot posts
11:39:10 [TestNG-tests-1] INFO  [VerifyManager:isTrue:27] - Main page is open
11:39:13 [TestNG-tests-1] INFO  [PikabuTest:verifyHotPostsPage:131] - Page with hot posts is opened
]]></system-out>
  <system-err><![CDATA[Apr 17, 2017 11:39:00 AM org.openqa.selenium.remote.Augmenter extractRemoteWebDriver
WARNING: Augmenter should be applied to the instances of @Augmentable classes or previously augmented instances only
]]></system-err>
</testsuite>
